<?xml version="1.0" encoding="UTF-8"?>
<testsuite xmlns:xsi="http://www.w3.org/2001/XMLSchema-instance" xsi:noNamespaceSchemaLocation="https://maven.apache.org/surefire/maven-surefire-plugin/xsd/surefire-test-report-3.0.xsd" version="3.0" name="SetupClass.TestRunnner" time="178.415" tests="1" errors="0" skipped="0" failures="0">
  <properties>
[...]
</properties>
  <testcase name="Coupon" classname="Coupon" time="169.832">
    <system-out><![CDATA[Bname=====https://www.slidegeeks.com
config browser = chrome
setProperty browser = chrome

@Coupon
Scenario: Coupon                                                        &amp#27;[90m# src/test/java/Features/Coupon.feature:3&amp#27;[0m
user shoud be on login page = https://www.slidegeeks.com/checkout
pjeeiihrit
selenium.testing.pjeeiihrit@gmail.com
  &amp#27;[32mGiven &amp#27;[0m&amp#27;[32muser is already on Website Home Page cc&amp#27;[0m                         &amp#27;[90m# SetupClass.StepDefinition.Coupon.user_is_already_on_Website_Home_Page_cc()&amp#27;[0m
  &amp#27;[32mThen &amp#27;[0m&amp#27;[32muser is redirected to pricing page and choose the plan to pay cc&amp#27;[0m &amp#27;[90m# SetupClass.StepDefinition.Coupon.user_is_redirected_to_pricing_page_and_choose_the_plan_to_pay_cc()&amp#27;[0m
user shoud be on checkout page = https://www.slidegeeks.com/checkout
  &amp#27;[32mThen &amp#27;[0m&amp#27;[32muser is redirected checkout page cc&amp#27;[0m                              &amp#27;[90m# SetupClass.StepDefinition.Coupon.user_is_redirected_checkout_page_cc()&amp#27;[0m
copon applied
after coupon applied price is = $47.49
  &amp#27;[32mThen &amp#27;[0m&amp#27;[32muser proceed to pay with paypal pp cc&amp#27;[0m                            &amp#27;[90m# SetupClass.StepDefinition.Coupon.user_proceed_to_pay_with_paypal_pp_cc()&amp#27;[0m
  &amp#27;[32mThen &amp#27;[0m&amp#27;[32mpaypal popup appears and user navigates back to my account pp cc&amp#27;[0m &amp#27;[90m# SetupClass.StepDefinition.Coupon.paypal_popup_appears_and_user_navigates_back_to_my_account_pp_cc()&amp#27;[0m
verifyText1 = Your Account has been deleted successfully.
  &amp#27;[32mThen &amp#27;[0m&amp#27;[32muser Signout account PP cc&amp#27;[0m                                       &amp#27;[90m# SetupClass.StepDefinition.Coupon.user_Signout_account_PP_cc()&amp#27;[0m
]]></system-out>
    <system-err><![CDATA[[main] INFO io.github.bonigarcia.wdm.WebDriverManager - Using chromedriver 110.0.5481.77 (resolved driver for Chrome 110)
[main] INFO io.github.bonigarcia.wdm.WebDriverManager - Exporting webdriver.chrome.driver as C:\Users\SLIDE QA\.cache\selenium\chromedriver\win32\110.0.5481.77\chromedriver.exe
Starting ChromeDriver 110.0.5481.77 (65ed616c6e8ee3fe0ad64fe83796c020644d42af-refs/branch-heads/5481@{#839}) on port 6318
Only local connections are allowed.
Please see https://chromedriver.chromium.org/security-considerations for suggestions on keeping ChromeDriver safe.
ChromeDriver was started successfully.
[1676961651.760][WARNING]: virtual void DevToolsClientImpl::AddListener(DevToolsEventListener *) subscribing a listener to the already connected DevToolsClient. Connection notification will not arrive.
Feb 21, 2023 12:10:51 PM org.openqa.selenium.remote.ProtocolHandshake createSession
INFO: Detected dialect: W3C
]]></system-err>
  </testcase>
</testsuite>