<?xml version="1.0" encoding="UTF-8"?>
<testsuite xmlns:xsi="http://www.w3.org/2001/XMLSchema-instance" xsi:noNamespaceSchemaLocation="https://maven.apache.org/surefire/maven-surefire-plugin/xsd/surefire-test-report-3.0.xsd" version="3.0" name="SetupClass.TestRunnner" time="98.604" tests="7" errors="7" skipped="0" failures="0">
  <properties>
[...]
</properties>
  <testcase name="Test Sign up with correct Data" classname="Sign up with correct data" time="57.446">
    <error message="element click intercepted: Element &lt;input type=&quot;submit&quot; class=&quot;pg-register-button-new hvr-rectangle-out btn-download&quot; title=&quot;Sign_up&quot; value=&quot;SIGN UP&quot;&gt; is not clickable at point (368, 570). Other element would receive the click: &lt;iframe title=&quot;recaptcha challenge expires in two minutes&quot; src=&quot;https://www.google.com/recaptcha/api2/bframe?hl=en-GB&amp;amp;v=pn3ro1xnhf4yB8qmnrhh9iD2&amp;amp;k=6LfZRBcUAAAAAOMqjVtlO2x1n1BgZSeGnu8a7BAK&quot; name=&quot;c-7a31v5bxkby8&quot; frameborder=&quot;0&quot; scrolling=&quot;no&quot; sandbox=&quot;allow-forms allow-popups allow-same-origin allow-scripts allow-top-navigation allow-modals allow-popups-to-escape-sandbox&quot; style=&quot;width: 400px; height: 580px;&quot;&gt;&lt;/iframe&gt;&#10;  (Session info: chrome=108.0.5359.99)&#10;Build info: version: &apos;3.141.59&apos;, revision: &apos;e82be7d358&apos;, time: &apos;2018-11-14T08:17:03&apos;&#10;System info: host: &apos;SLIDEQA2&apos;, ip: &apos;192.168.1.7&apos;, os.name: &apos;Windows 10&apos;, os.arch: &apos;amd64&apos;, os.version: &apos;10.0&apos;, java.version: &apos;17&apos;&#10;Driver info: org.openqa.selenium.chrome.ChromeDriver&#10;Capabilities {acceptInsecureCerts: false, browserName: chrome, browserVersion: 108.0.5359.99, chrome: {chromedriverVersion: 108.0.5359.71 (1e0e3868ee06..., userDataDir: C:\Users\SLIDEQ~1\AppData\L...}, goog:chromeOptions: {debuggerAddress: localhost:62388}, javascriptEnabled: true, networkConnectionEnabled: false, pageLoadStrategy: normal, platform: WINDOWS, platformName: WINDOWS, proxy: Proxy(), setWindowRect: true, strictFileInteractability: false, timeouts: {implicit: 0, pageLoad: 300000, script: 30000}, unhandledPromptBehavior: dismiss and notify, webauthn:extension:credBlob: true, webauthn:extension:largeBlob: true, webauthn:virtualAuthenticators: true}&#10;Session ID: a2acab18a2e63cc35729c8f4fc3d619d" type="org.openqa.selenium.ElementClickInterceptedException"><![CDATA[org.openqa.selenium.ElementClickInterceptedException: 
element click intercepted: Element <input type="submit" class="pg-register-button-new hvr-rectangle-out btn-download" title="Sign_up" value="SIGN UP"> is not clickable at point (368, 570). Other element would receive the click: <iframe title="recaptcha challenge expires in two minutes" src="https://www.google.com/recaptcha/api2/bframe?hl=en-GB&amp;v=pn3ro1xnhf4yB8qmnrhh9iD2&amp;k=6LfZRBcUAAAAAOMqjVtlO2x1n1BgZSeGnu8a7BAK" name="c-7a31v5bxkby8" frameborder="0" scrolling="no" sandbox="allow-forms allow-popups allow-same-origin allow-scripts allow-top-navigation allow-modals allow-popups-to-escape-sandbox" style="width: 400px; height: 580px;"></iframe>
  (Session info: chrome=108.0.5359.99)
Build info: version: '3.141.59', revision: 'e82be7d358', time: '2018-11-14T08:17:03'
System info: host: 'SLIDEQA2', ip: '192.168.1.7', os.name: 'Windows 10', os.arch: 'amd64', os.version: '10.0', java.version: '17'
Driver info: org.openqa.selenium.chrome.ChromeDriver
Capabilities {acceptInsecureCerts: false, browserName: chrome, browserVersion: 108.0.5359.99, chrome: {chromedriverVersion: 108.0.5359.71 (1e0e3868ee06..., userDataDir: C:\Users\SLIDEQ~1\AppData\L...}, goog:chromeOptions: {debuggerAddress: localhost:62388}, javascriptEnabled: true, networkConnectionEnabled: false, pageLoadStrategy: normal, platform: WINDOWS, platformName: WINDOWS, proxy: Proxy(), setWindowRect: true, strictFileInteractability: false, timeouts: {implicit: 0, pageLoad: 300000, script: 30000}, unhandledPromptBehavior: dismiss and notify, webauthn:extension:credBlob: true, webauthn:extension:largeBlob: true, webauthn:virtualAuthenticators: true}
Session ID: a2acab18a2e63cc35729c8f4fc3d619d
]]></error>
    <system-out><![CDATA[Bname=====https://www.slidegeeks.com
config browser = chrome
setProperty browser = chrome

@Sign_up_correct_data
Scenario: Test Sign up with correct Data        &amp#27;[90m# src/test/java/Features/2.Email_Sign_up_Correct_data.feature:3&amp#27;[0m
  &amp#27;[32mGiven &amp#27;[0m&amp#27;[32muser is already on Website Home Page ii&amp#27;[0m &amp#27;[90m# SetupClass.StepDefinition.Email_Sign_up_Correct_Data_2.user_is_already_on_Website_Home_Page_ii()&amp#27;[0m
irzqedlmwx
selenium.testing.irzqedlmwx@gmail.com
  &amp#27;[31mThen &amp#27;[0m&amp#27;[31muser navigates to sign up page ii&amp#27;[0m        &amp#27;[90m# SetupClass.StepDefinition.Email_Sign_up_Correct_Data_2.user_navigates_to_sign_up_page_ii()&amp#27;[0m
      &amp#27;[31morg.openqa.selenium.ElementClickInterceptedException: element click intercepted: Element <input type="submit" class="pg-register-button-new hvr-rectangle-out btn-download" title="Sign_up" value="SIGN UP"> is not clickable at point (368, 570). Other element would receive the click: <iframe title="recaptcha challenge expires in two minutes" src="https://www.google.com/recaptcha/api2/bframe?hl=en-GB&amp;v=pn3ro1xnhf4yB8qmnrhh9iD2&amp;k=6LfZRBcUAAAAAOMqjVtlO2x1n1BgZSeGnu8a7BAK" name="c-7a31v5bxkby8" frameborder="0" scrolling="no" sandbox="allow-forms allow-popups allow-same-origin allow-scripts allow-top-navigation allow-modals allow-popups-to-escape-sandbox" style="width: 400px; height: 580px;"></iframe>
  (Session info: chrome=108.0.5359.99)
Build info: version: '3.141.59', revision: 'e82be7d358', time: '2018-11-14T08:17:03'
System info: host: 'SLIDEQA2', ip: '192.168.1.7', os.name: 'Windows 10', os.arch: 'amd64', os.version: '10.0', java.version: '17'
Driver info: org.openqa.selenium.chrome.ChromeDriver
Capabilities {acceptInsecureCerts: false, browserName: chrome, browserVersion: 108.0.5359.99, chrome: {chromedriverVersion: 108.0.5359.71 (1e0e3868ee06..., userDataDir: C:\Users\SLIDEQ~1\AppData\L...}, goog:chromeOptions: {debuggerAddress: localhost:62388}, javascriptEnabled: true, networkConnectionEnabled: false, pageLoadStrategy: normal, platform: WINDOWS, platformName: WINDOWS, proxy: Proxy(), setWindowRect: true, strictFileInteractability: false, timeouts: {implicit: 0, pageLoad: 300000, script: 30000}, unhandledPromptBehavior: dismiss and notify, webauthn:extension:credBlob: true, webauthn:extension:largeBlob: true, webauthn:virtualAuthenticators: true}
Session ID: a2acab18a2e63cc35729c8f4fc3d619d
	at java.base/jdk.internal.reflect.NativeConstructorAccessorImpl.newInstance0(Native Method)
	at java.base/jdk.internal.reflect.NativeConstructorAccessorImpl.newInstance(NativeConstructorAccessorImpl.java:77)
	at java.base/jdk.internal.reflect.DelegatingConstructorAccessorImpl.newInstance(DelegatingConstructorAccessorImpl.java:45)
	at java.base/java.lang.reflect.Constructor.newInstanceWithCaller(Constructor.java:499)
	at java.base/java.lang.reflect.Constructor.newInstance(Constructor.java:480)
	at org.openqa.selenium.remote.http.W3CHttpResponseCodec.createException(W3CHttpResponseCodec.java:187)
	at org.openqa.selenium.remote.http.W3CHttpResponseCodec.decode(W3CHttpResponseCodec.java:122)
	at org.openqa.selenium.remote.http.W3CHttpResponseCodec.decode(W3CHttpResponseCodec.java:49)
	at org.openqa.selenium.remote.HttpCommandExecutor.execute(HttpCommandExecutor.java:158)
	at org.openqa.selenium.remote.service.DriverCommandExecutor.execute(DriverCommandExecutor.java:83)
	at org.openqa.selenium.remote.RemoteWebDriver.execute(RemoteWebDriver.java:552)
	at org.openqa.selenium.remote.RemoteWebElement.execute(RemoteWebElement.java:285)
	at org.openqa.selenium.remote.RemoteWebElement.click(RemoteWebElement.java:84)
	at SetupClass.StepDefinition.Email_Sign_up_Correct_Data_2.user_navigates_to_sign_up_page_ii(Email_Sign_up_Correct_Data_2.java:96)
	at âœ½.user navigates to sign up page ii(file:///D:/Selenium%20Live%20Projects/SlideGeeks-Checkout/./src/test/java/Features/2.Email_Sign_up_Correct_data.feature:6)
&amp#27;[0m

    Embedding screenshotName [image/png 482588 bytes]

]]></system-out>
    <system-err><![CDATA[Dec 12, 2022 10:56:02 AM io.cucumber.core.runtime.FeaturePathFeatureSupplier$FeatureBuilder addUnique
SEVERE: Duplicate feature found: file:///D:/Selenium%20Live%20Projects/SlideGeeks-Checkout/./target/test-classes/Features/2.Email_Sign_up_Correct_data.feature was identical to file:///D:/Selenium%20Live%20Projects/SlideGeeks-Checkout/./src/test/java/Features/2.Email_Sign_up_Correct_data.feature

This typically happens when you configure cucumber to look for features in the root of your project.
Your build tool creates a copy of these features in a 'target' or 'build'directory.

If your features are on the class path consider using a class path URI.
For example: 'classpath:com/example/app.feature'
Otherwise you'll have to provide a more specific location
Dec 12, 2022 10:56:02 AM io.cucumber.core.runtime.FeaturePathFeatureSupplier$FeatureBuilder addUnique
SEVERE: Duplicate feature found: file:///D:/Selenium%20Live%20Projects/SlideGeeks-Checkout/./target/test-classes/Features/Coupon.feature was identical to file:///D:/Selenium%20Live%20Projects/SlideGeeks-Checkout/./src/test/java/Features/Coupon.feature

This typically happens when you configure cucumber to look for features in the root of your project.
Your build tool creates a copy of these features in a 'target' or 'build'directory.

If your features are on the class path consider using a class path URI.
For example: 'classpath:com/example/app.feature'
Otherwise you'll have to provide a more specific location
Dec 12, 2022 10:56:02 AM io.cucumber.core.runtime.FeaturePathFeatureSupplier$FeatureBuilder addUnique
SEVERE: Duplicate feature found: file:///D:/Selenium%20Live%20Projects/SlideGeeks-Checkout/./target/test-classes/Features/Paypal_Checkout.feature was identical to file:///D:/Selenium%20Live%20Projects/SlideGeeks-Checkout/./src/test/java/Features/Paypal_Checkout.feature

This typically happens when you configure cucumber to look for features in the root of your project.
Your build tool creates a copy of these features in a 'target' or 'build'directory.

If your features are on the class path consider using a class path URI.
For example: 'classpath:com/example/app.feature'
Otherwise you'll have to provide a more specific location
Dec 12, 2022 10:56:02 AM io.cucumber.core.runtime.FeaturePathFeatureSupplier$FeatureBuilder addUnique
SEVERE: Duplicate feature found: file:///D:/Selenium%20Live%20Projects/SlideGeeks-Checkout/./target/test-classes/Features/Stripe_Checkout.feature was identical to file:///D:/Selenium%20Live%20Projects/SlideGeeks-Checkout/./src/test/java/Features/Stripe_Checkout.feature

This typically happens when you configure cucumber to look for features in the root of your project.
Your build tool creates a copy of these features in a 'target' or 'build'directory.

If your features are on the class path consider using a class path URI.
For example: 'classpath:com/example/app.feature'
Otherwise you'll have to provide a more specific location
[main] INFO io.github.bonigarcia.wdm.WebDriverManager - Using chromedriver 108.0.5359.71 (resolved driver for Chrome 108)
[main] INFO io.github.bonigarcia.wdm.WebDriverManager - Exporting webdriver.chrome.driver as C:\Users\SLIDE QA\.cache\selenium\chromedriver\win32\108.0.5359.71\chromedriver.exe
Starting ChromeDriver 108.0.5359.71 (1e0e3868ee06e91ad636a874420e3ca3ae3756ac-refs/branch-heads/5359@{#1016}) on port 27677
Only local connections are allowed.
Please see https://chromedriver.chromium.org/security-considerations for suggestions on keeping ChromeDriver safe.
ChromeDriver was started successfully.
Dec 12, 2022 10:56:04 AM org.openqa.selenium.remote.ProtocolHandshake createSession
INFO: Detected dialect: W3C
]]></system-err>
  </testcase>
  <testcase name="Coupon" classname="Coupon" time="32.535">
    <error message="no such window: target window already closed&#10;from unknown error: web view not found&#10;  (Session info: chrome=108.0.5359.99)&#10;Build info: version: &apos;3.141.59&apos;, revision: &apos;e82be7d358&apos;, time: &apos;2018-11-14T08:17:03&apos;&#10;System info: host: &apos;SLIDEQA2&apos;, ip: &apos;192.168.1.7&apos;, os.name: &apos;Windows 10&apos;, os.arch: &apos;amd64&apos;, os.version: &apos;10.0&apos;, java.version: &apos;17&apos;&#10;Driver info: org.openqa.selenium.chrome.ChromeDriver&#10;Capabilities {acceptInsecureCerts: false, browserName: chrome, browserVersion: 108.0.5359.99, chrome: {chromedriverVersion: 108.0.5359.71 (1e0e3868ee06..., userDataDir: C:\Users\SLIDEQ~1\AppData\L...}, goog:chromeOptions: {debuggerAddress: localhost:62388}, javascriptEnabled: true, networkConnectionEnabled: false, pageLoadStrategy: normal, platform: WINDOWS, platformName: WINDOWS, proxy: Proxy(), setWindowRect: true, strictFileInteractability: false, timeouts: {implicit: 0, pageLoad: 300000, script: 30000}, unhandledPromptBehavior: dismiss and notify, webauthn:extension:credBlob: true, webauthn:extension:largeBlob: true, webauthn:virtualAuthenticators: true}&#10;Session ID: a2acab18a2e63cc35729c8f4fc3d619d" type="org.openqa.selenium.NoSuchWindowException"><![CDATA[org.openqa.selenium.NoSuchWindowException: 
no such window: target window already closed
from unknown error: web view not found
  (Session info: chrome=108.0.5359.99)
Build info: version: '3.141.59', revision: 'e82be7d358', time: '2018-11-14T08:17:03'
System info: host: 'SLIDEQA2', ip: '192.168.1.7', os.name: 'Windows 10', os.arch: 'amd64', os.version: '10.0', java.version: '17'
Driver info: org.openqa.selenium.chrome.ChromeDriver
Capabilities {acceptInsecureCerts: false, browserName: chrome, browserVersion: 108.0.5359.99, chrome: {chromedriverVersion: 108.0.5359.71 (1e0e3868ee06..., userDataDir: C:\Users\SLIDEQ~1\AppData\L...}, goog:chromeOptions: {debuggerAddress: localhost:62388}, javascriptEnabled: true, networkConnectionEnabled: false, pageLoadStrategy: normal, platform: WINDOWS, platformName: WINDOWS, proxy: Proxy(), setWindowRect: true, strictFileInteractability: false, timeouts: {implicit: 0, pageLoad: 300000, script: 30000}, unhandledPromptBehavior: dismiss and notify, webauthn:extension:credBlob: true, webauthn:extension:largeBlob: true, webauthn:virtualAuthenticators: true}
Session ID: a2acab18a2e63cc35729c8f4fc3d619d
]]></error>
    <system-out><![CDATA[
@Coupon
Scenario: Coupon                                                        &amp#27;[90m# src/test/java/Features/Coupon.feature:3&amp#27;[0m
user shoud be on login page = https://www.slidegeeks.com/checkout
  &amp#27;[31mGiven &amp#27;[0m&amp#27;[31muser is already on Website Home Page cc&amp#27;[0m                         &amp#27;[90m# SetupClass.StepDefinition.Coupon.user_is_already_on_Website_Home_Page_cc()&amp#27;[0m
      &amp#27;[31morg.openqa.selenium.NoSuchWindowException: no such window: target window already closed
from unknown error: web view not found
  (Session info: chrome=108.0.5359.99)
Build info: version: '3.141.59', revision: 'e82be7d358', time: '2018-11-14T08:17:03'
System info: host: 'SLIDEQA2', ip: '192.168.1.7', os.name: 'Windows 10', os.arch: 'amd64', os.version: '10.0', java.version: '17'
Driver info: org.openqa.selenium.chrome.ChromeDriver
Capabilities {acceptInsecureCerts: false, browserName: chrome, browserVersion: 108.0.5359.99, chrome: {chromedriverVersion: 108.0.5359.71 (1e0e3868ee06..., userDataDir: C:\Users\SLIDEQ~1\AppData\L...}, goog:chromeOptions: {debuggerAddress: localhost:62388}, javascriptEnabled: true, networkConnectionEnabled: false, pageLoadStrategy: normal, platform: WINDOWS, platformName: WINDOWS, proxy: Proxy(), setWindowRect: true, strictFileInteractability: false, timeouts: {implicit: 0, pageLoad: 300000, script: 30000}, unhandledPromptBehavior: dismiss and notify, webauthn:extension:credBlob: true, webauthn:extension:largeBlob: true, webauthn:virtualAuthenticators: true}
Session ID: a2acab18a2e63cc35729c8f4fc3d619d
	at java.base/jdk.internal.reflect.NativeConstructorAccessorImpl.newInstance0(Native Method)
	at java.base/jdk.internal.reflect.NativeConstructorAccessorImpl.newInstance(NativeConstructorAccessorImpl.java:77)
	at java.base/jdk.internal.reflect.DelegatingConstructorAccessorImpl.newInstance(DelegatingConstructorAccessorImpl.java:45)
	at java.base/java.lang.reflect.Constructor.newInstanceWithCaller(Constructor.java:499)
	at java.base/java.lang.reflect.Constructor.newInstance(Constructor.java:480)
	at org.openqa.selenium.remote.http.W3CHttpResponseCodec.createException(W3CHttpResponseCodec.java:187)
	at org.openqa.selenium.remote.http.W3CHttpResponseCodec.decode(W3CHttpResponseCodec.java:122)
	at org.openqa.selenium.remote.http.W3CHttpResponseCodec.decode(W3CHttpResponseCodec.java:49)
	at org.openqa.selenium.remote.HttpCommandExecutor.execute(HttpCommandExecutor.java:158)
	at org.openqa.selenium.remote.service.DriverCommandExecutor.execute(DriverCommandExecutor.java:83)
	at org.openqa.selenium.remote.RemoteWebDriver.execute(RemoteWebDriver.java:552)
	at org.openqa.selenium.remote.RemoteWebElement.execute(RemoteWebElement.java:285)
	at org.openqa.selenium.remote.RemoteWebElement.sendKeys(RemoteWebElement.java:106)
	at SetupClass.StepDefinition.Coupon.user_is_already_on_Website_Home_Page_cc(Coupon.java:51)
	at âœ½.user is already on Website Home Page cc(file:///D:/Selenium%20Live%20Projects/SlideGeeks-Checkout/./src/test/java/Features/Coupon.feature:5)
&amp#27;[0m
  &amp#27;[36mThen &amp#27;[0m&amp#27;[36muser is redirected to pricing page and choose the plan to pay cc&amp#27;[0m &amp#27;[90m# SetupClass.StepDefinition.Coupon.user_is_redirected_to_pricing_page_and_choose_the_plan_to_pay_cc()&amp#27;[0m
  &amp#27;[36mThen &amp#27;[0m&amp#27;[36muser is redirected checkout page cc&amp#27;[0m                              &amp#27;[90m# SetupClass.StepDefinition.Coupon.user_is_redirected_checkout_page_cc()&amp#27;[0m
  &amp#27;[36mThen &amp#27;[0m&amp#27;[36muser proceed to pay with paypal pp cc&amp#27;[0m                            &amp#27;[90m# SetupClass.StepDefinition.Coupon.user_proceed_to_pay_with_paypal_pp_cc()&amp#27;[0m
  &amp#27;[36mThen &amp#27;[0m&amp#27;[36mpaypal popup appears and user navigates back to my account pp cc&amp#27;[0m &amp#27;[90m# SetupClass.StepDefinition.Coupon.paypal_popup_appears_and_user_navigates_back_to_my_account_pp_cc()&amp#27;[0m
  &amp#27;[36mThen &amp#27;[0m&amp#27;[36muser Signout account PP cc&amp#27;[0m                                       &amp#27;[90m# SetupClass.StepDefinition.Coupon.user_Signout_account_PP_cc()&amp#27;[0m
      &amp#27;[31morg.openqa.selenium.NoSuchWindowException: no such window: target window already closed
from unknown error: web view not found
  (Session info: chrome=108.0.5359.99)
Build info: version: '3.141.59', revision: 'e82be7d358', time: '2018-11-14T08:17:03'
System info: host: 'SLIDEQA2', ip: '192.168.1.7', os.name: 'Windows 10', os.arch: 'amd64', os.version: '10.0', java.version: '17'
Driver info: org.openqa.selenium.chrome.ChromeDriver
Capabilities {acceptInsecureCerts: false, browserName: chrome, browserVersion: 108.0.5359.99, chrome: {chromedriverVersion: 108.0.5359.71 (1e0e3868ee06..., userDataDir: C:\Users\SLIDEQ~1\AppData\L...}, goog:chromeOptions: {debuggerAddress: localhost:62388}, javascriptEnabled: true, networkConnectionEnabled: false, pageLoadStrategy: normal, platform: WINDOWS, platformName: WINDOWS, proxy: Proxy(), setWindowRect: true, strictFileInteractability: false, timeouts: {implicit: 0, pageLoad: 300000, script: 30000}, unhandledPromptBehavior: dismiss and notify, webauthn:extension:credBlob: true, webauthn:extension:largeBlob: true, webauthn:virtualAuthenticators: true}
Session ID: a2acab18a2e63cc35729c8f4fc3d619d
	at java.base/jdk.internal.reflect.NativeConstructorAccessorImpl.newInstance0(Native Method)
	at java.base/jdk.internal.reflect.NativeConstructorAccessorImpl.newInstance(NativeConstructorAccessorImpl.java:77)
	at java.base/jdk.internal.reflect.DelegatingConstructorAccessorImpl.newInstance(DelegatingConstructorAccessorImpl.java:45)
	at java.base/java.lang.reflect.Constructor.newInstanceWithCaller(Constructor.java:499)
	at java.base/java.lang.reflect.Constructor.newInstance(Constructor.java:480)
	at org.openqa.selenium.remote.http.W3CHttpResponseCodec.createException(W3CHttpResponseCodec.java:187)
	at org.openqa.selenium.remote.http.W3CHttpResponseCodec.decode(W3CHttpResponseCodec.java:122)
	at org.openqa.selenium.remote.http.W3CHttpResponseCodec.decode(W3CHttpResponseCodec.java:49)
	at org.openqa.selenium.remote.HttpCommandExecutor.execute(HttpCommandExecutor.java:158)
	at org.openqa.selenium.remote.service.DriverCommandExecutor.execute(DriverCommandExecutor.java:83)
	at org.openqa.selenium.remote.RemoteWebDriver.execute(RemoteWebDriver.java:552)
	at org.openqa.selenium.remote.RemoteWebDriver.execute(RemoteWebDriver.java:609)
	at org.openqa.selenium.remote.RemoteWebDriver.getScreenshotAs(RemoteWebDriver.java:295)
	at SetupClass.StepDefinition.TakeImageStep.tearDown(TakeImageStep.java:20)
&amp#27;[0m
]]></system-out>
  </testcase>
  <testcase name="Coupon" classname="Coupon" time="32.535">
    <error message="no such window: target window already closed&#10;from unknown error: web view not found&#10;  (Session info: chrome=108.0.5359.99)&#10;Build info: version: &apos;3.141.59&apos;, revision: &apos;e82be7d358&apos;, time: &apos;2018-11-14T08:17:03&apos;&#10;System info: host: &apos;SLIDEQA2&apos;, ip: &apos;192.168.1.7&apos;, os.name: &apos;Windows 10&apos;, os.arch: &apos;amd64&apos;, os.version: &apos;10.0&apos;, java.version: &apos;17&apos;&#10;Driver info: org.openqa.selenium.chrome.ChromeDriver&#10;Capabilities {acceptInsecureCerts: false, browserName: chrome, browserVersion: 108.0.5359.99, chrome: {chromedriverVersion: 108.0.5359.71 (1e0e3868ee06..., userDataDir: C:\Users\SLIDEQ~1\AppData\L...}, goog:chromeOptions: {debuggerAddress: localhost:62388}, javascriptEnabled: true, networkConnectionEnabled: false, pageLoadStrategy: normal, platform: WINDOWS, platformName: WINDOWS, proxy: Proxy(), setWindowRect: true, strictFileInteractability: false, timeouts: {implicit: 0, pageLoad: 300000, script: 30000}, unhandledPromptBehavior: dismiss and notify, webauthn:extension:credBlob: true, webauthn:extension:largeBlob: true, webauthn:virtualAuthenticators: true}&#10;Session ID: a2acab18a2e63cc35729c8f4fc3d619d" type="org.openqa.selenium.NoSuchWindowException"><![CDATA[org.openqa.selenium.NoSuchWindowException: 
no such window: target window already closed
from unknown error: web view not found
  (Session info: chrome=108.0.5359.99)
Build info: version: '3.141.59', revision: 'e82be7d358', time: '2018-11-14T08:17:03'
System info: host: 'SLIDEQA2', ip: '192.168.1.7', os.name: 'Windows 10', os.arch: 'amd64', os.version: '10.0', java.version: '17'
Driver info: org.openqa.selenium.chrome.ChromeDriver
Capabilities {acceptInsecureCerts: false, browserName: chrome, browserVersion: 108.0.5359.99, chrome: {chromedriverVersion: 108.0.5359.71 (1e0e3868ee06..., userDataDir: C:\Users\SLIDEQ~1\AppData\L...}, goog:chromeOptions: {debuggerAddress: localhost:62388}, javascriptEnabled: true, networkConnectionEnabled: false, pageLoadStrategy: normal, platform: WINDOWS, platformName: WINDOWS, proxy: Proxy(), setWindowRect: true, strictFileInteractability: false, timeouts: {implicit: 0, pageLoad: 300000, script: 30000}, unhandledPromptBehavior: dismiss and notify, webauthn:extension:credBlob: true, webauthn:extension:largeBlob: true, webauthn:virtualAuthenticators: true}
Session ID: a2acab18a2e63cc35729c8f4fc3d619d
]]></error>
  </testcase>
  <testcase name="Test paypal checkout" classname="Paypal Checkout" time="0.049">
    <error message="no such window: target window already closed&#10;from unknown error: web view not found&#10;  (Session info: chrome=108.0.5359.99)&#10;Build info: version: &apos;3.141.59&apos;, revision: &apos;e82be7d358&apos;, time: &apos;2018-11-14T08:17:03&apos;&#10;System info: host: &apos;SLIDEQA2&apos;, ip: &apos;192.168.1.7&apos;, os.name: &apos;Windows 10&apos;, os.arch: &apos;amd64&apos;, os.version: &apos;10.0&apos;, java.version: &apos;17&apos;&#10;Driver info: org.openqa.selenium.chrome.ChromeDriver&#10;Capabilities {acceptInsecureCerts: false, browserName: chrome, browserVersion: 108.0.5359.99, chrome: {chromedriverVersion: 108.0.5359.71 (1e0e3868ee06..., userDataDir: C:\Users\SLIDEQ~1\AppData\L...}, goog:chromeOptions: {debuggerAddress: localhost:62388}, javascriptEnabled: true, networkConnectionEnabled: false, pageLoadStrategy: normal, platform: WINDOWS, platformName: WINDOWS, proxy: Proxy(), setWindowRect: true, strictFileInteractability: false, timeouts: {implicit: 0, pageLoad: 300000, script: 30000}, unhandledPromptBehavior: dismiss and notify, webauthn:extension:credBlob: true, webauthn:extension:largeBlob: true, webauthn:virtualAuthenticators: true}&#10;Session ID: a2acab18a2e63cc35729c8f4fc3d619d" type="org.openqa.selenium.NoSuchWindowException"><![CDATA[org.openqa.selenium.NoSuchWindowException: 
no such window: target window already closed
from unknown error: web view not found
  (Session info: chrome=108.0.5359.99)
Build info: version: '3.141.59', revision: 'e82be7d358', time: '2018-11-14T08:17:03'
System info: host: 'SLIDEQA2', ip: '192.168.1.7', os.name: 'Windows 10', os.arch: 'amd64', os.version: '10.0', java.version: '17'
Driver info: org.openqa.selenium.chrome.ChromeDriver
Capabilities {acceptInsecureCerts: false, browserName: chrome, browserVersion: 108.0.5359.99, chrome: {chromedriverVersion: 108.0.5359.71 (1e0e3868ee06..., userDataDir: C:\Users\SLIDEQ~1\AppData\L...}, goog:chromeOptions: {debuggerAddress: localhost:62388}, javascriptEnabled: true, networkConnectionEnabled: false, pageLoadStrategy: normal, platform: WINDOWS, platformName: WINDOWS, proxy: Proxy(), setWindowRect: true, strictFileInteractability: false, timeouts: {implicit: 0, pageLoad: 300000, script: 30000}, unhandledPromptBehavior: dismiss and notify, webauthn:extension:credBlob: true, webauthn:extension:largeBlob: true, webauthn:virtualAuthenticators: true}
Session ID: a2acab18a2e63cc35729c8f4fc3d619d
]]></error>
    <system-out><![CDATA[
@Paypal_Checkout
Scenario: Test paypal checkout                                       &amp#27;[90m# src/test/java/Features/Paypal_Checkout.feature:3&amp#27;[0m
  &amp#27;[31mGiven &amp#27;[0m&amp#27;[31muser is already on Website Home Page&amp#27;[0m                         &amp#27;[90m# SetupClass.StepDefinition.Paypal_Checkout.user_is_already_on_Website_Home_Page()&amp#27;[0m
      &amp#27;[31morg.openqa.selenium.NoSuchWindowException: no such window: target window already closed
from unknown error: web view not found
  (Session info: chrome=108.0.5359.99)
Build info: version: '3.141.59', revision: 'e82be7d358', time: '2018-11-14T08:17:03'
System info: host: 'SLIDEQA2', ip: '192.168.1.7', os.name: 'Windows 10', os.arch: 'amd64', os.version: '10.0', java.version: '17'
Driver info: org.openqa.selenium.chrome.ChromeDriver
Capabilities {acceptInsecureCerts: false, browserName: chrome, browserVersion: 108.0.5359.99, chrome: {chromedriverVersion: 108.0.5359.71 (1e0e3868ee06..., userDataDir: C:\Users\SLIDEQ~1\AppData\L...}, goog:chromeOptions: {debuggerAddress: localhost:62388}, javascriptEnabled: true, networkConnectionEnabled: false, pageLoadStrategy: normal, platform: WINDOWS, platformName: WINDOWS, proxy: Proxy(), setWindowRect: true, strictFileInteractability: false, timeouts: {implicit: 0, pageLoad: 300000, script: 30000}, unhandledPromptBehavior: dismiss and notify, webauthn:extension:credBlob: true, webauthn:extension:largeBlob: true, webauthn:virtualAuthenticators: true}
Session ID: a2acab18a2e63cc35729c8f4fc3d619d
	at java.base/jdk.internal.reflect.NativeConstructorAccessorImpl.newInstance0(Native Method)
	at java.base/jdk.internal.reflect.NativeConstructorAccessorImpl.newInstance(NativeConstructorAccessorImpl.java:77)
	at java.base/jdk.internal.reflect.DelegatingConstructorAccessorImpl.newInstance(DelegatingConstructorAccessorImpl.java:45)
	at java.base/java.lang.reflect.Constructor.newInstanceWithCaller(Constructor.java:499)
	at java.base/java.lang.reflect.Constructor.newInstance(Constructor.java:480)
	at org.openqa.selenium.remote.http.W3CHttpResponseCodec.createException(W3CHttpResponseCodec.java:187)
	at org.openqa.selenium.remote.http.W3CHttpResponseCodec.decode(W3CHttpResponseCodec.java:122)
	at org.openqa.selenium.remote.http.W3CHttpResponseCodec.decode(W3CHttpResponseCodec.java:49)
	at org.openqa.selenium.remote.HttpCommandExecutor.execute(HttpCommandExecutor.java:158)
	at org.openqa.selenium.remote.service.DriverCommandExecutor.execute(DriverCommandExecutor.java:83)
	at org.openqa.selenium.remote.RemoteWebDriver.execute(RemoteWebDriver.java:552)
	at org.openqa.selenium.remote.RemoteWebDriver.get(RemoteWebDriver.java:277)
	at SetupClass.StepDefinition.Paypal_Checkout.user_is_already_on_Website_Home_Page(Paypal_Checkout.java:27)
	at âœ½.user is already on Website Home Page(file:///D:/Selenium%20Live%20Projects/SlideGeeks-Checkout/./src/test/java/Features/Paypal_Checkout.feature:5)
&amp#27;[0m
  &amp#27;[36mThen &amp#27;[0m&amp#27;[36muser is redirected to pricing page and check the text1 PP1&amp#27;[0m    &amp#27;[90m# SetupClass.StepDefinition.Paypal_Checkout.user_is_redirected_to_pricing_page_and_check_the_text1_PP1()&amp#27;[0m
  &amp#27;[36mThen &amp#27;[0m&amp#27;[36muser is redirected to pricing page and check the text2 PP2&amp#27;[0m    &amp#27;[90m# SetupClass.StepDefinition.Paypal_Checkout.user_is_redirected_to_pricing_page_and_check_the_text2_PP2()&amp#27;[0m
  &amp#27;[36mThen &amp#27;[0m&amp#27;[36muser is redirected to pricing page and check the text3 PP3&amp#27;[0m    &amp#27;[90m# SetupClass.StepDefinition.Paypal_Checkout.user_is_redirected_to_pricing_page_and_check_the_text3_PP3()&amp#27;[0m
  &amp#27;[36mThen &amp#27;[0m&amp#27;[36muser is redirected to pricing page and check the text4 PP4&amp#27;[0m    &amp#27;[90m# SetupClass.StepDefinition.Paypal_Checkout.user_is_redirected_to_pricing_page_and_check_the_text4_PP4()&amp#27;[0m
  &amp#27;[36mThen &amp#27;[0m&amp#27;[36muser is redirected to pricing page and check the text5 PP5&amp#27;[0m    &amp#27;[90m# SetupClass.StepDefinition.Paypal_Checkout.user_is_redirected_to_pricing_page_and_check_the_text5_PP5()&amp#27;[0m
  &amp#27;[36mThen &amp#27;[0m&amp#27;[36muser is redirected to pricing page and check the text6 PP6&amp#27;[0m    &amp#27;[90m# SetupClass.StepDefinition.Paypal_Checkout.user_is_redirected_to_pricing_page_and_check_the_text6_PP6()&amp#27;[0m
  &amp#27;[36mThen &amp#27;[0m&amp#27;[36muser is redirected to pricing page and check the text7 PP7&amp#27;[0m    &amp#27;[90m# SetupClass.StepDefinition.Paypal_Checkout.user_is_redirected_to_pricing_page_and_check_the_text7_PP7()&amp#27;[0m
  &amp#27;[36mThen &amp#27;[0m&amp#27;[36muser is redirected to pricing page and check the text8 PP8&amp#27;[0m    &amp#27;[90m# SetupClass.StepDefinition.Paypal_Checkout.user_is_redirected_to_pricing_page_and_check_the_text8_PP8()&amp#27;[0m
  &amp#27;[36mThen &amp#27;[0m&amp#27;[36muser is redirected to pricing page and check the text9 PP9&amp#27;[0m    &amp#27;[90m# SetupClass.StepDefinition.Paypal_Checkout.user_is_redirected_to_pricing_page_and_check_the_text9_PP9()&amp#27;[0m
  &amp#27;[36mThen &amp#27;[0m&amp#27;[36muser is redirected to pricing page and check the text10 PP0&amp#27;[0m   &amp#27;[90m# SetupClass.StepDefinition.Paypal_Checkout.user_is_redirected_to_pricing_page_and_check_the_text10_PP0()&amp#27;[0m
  &amp#27;[36mThen &amp#27;[0m&amp#27;[36muser is redirected to pricing page and check the text11 PP0&amp#27;[0m   &amp#27;[90m# SetupClass.StepDefinition.Paypal_Checkout.user_is_redirected_to_pricing_page_and_check_the_text11_PP0()&amp#27;[0m
  &amp#27;[36mThen &amp#27;[0m&amp#27;[36muser is redirected to pricing page and check the text12 PP0&amp#27;[0m   &amp#27;[90m# SetupClass.StepDefinition.Paypal_Checkout.user_is_redirected_to_pricing_page_and_check_the_text12_PP0()&amp#27;[0m
  &amp#27;[36mThen &amp#27;[0m&amp#27;[36muser is redirected to pricing page and check the text13 PP0&amp#27;[0m   &amp#27;[90m# SetupClass.StepDefinition.Paypal_Checkout.user_is_redirected_to_pricing_page_and_check_the_text13_PP0()&amp#27;[0m
  &amp#27;[36mThen &amp#27;[0m&amp#27;[36muser is redirected to pricing page and check the text14 PP0&amp#27;[0m   &amp#27;[90m# SetupClass.StepDefinition.Paypal_Checkout.user_is_redirected_to_pricing_page_and_check_the_text14_PP0()&amp#27;[0m
  &amp#27;[36mThen &amp#27;[0m&amp#27;[36muser is redirected to pricing page and check the text15 PP0&amp#27;[0m   &amp#27;[90m# SetupClass.StepDefinition.Paypal_Checkout.user_is_redirected_to_pricing_page_and_check_the_text15_PP0()&amp#27;[0m
  &amp#27;[36mThen &amp#27;[0m&amp#27;[36muser is redirected to pricing page and check the text16 PP0&amp#27;[0m   &amp#27;[90m# SetupClass.StepDefinition.Paypal_Checkout.user_is_redirected_to_pricing_page_and_check_the_text16_PP0()&amp#27;[0m
  &amp#27;[36mThen &amp#27;[0m&amp#27;[36muser is redirected to pricing page and check the text17 PP0&amp#27;[0m   &amp#27;[90m# SetupClass.StepDefinition.Paypal_Checkout.user_is_redirected_to_pricing_page_and_check_the_text17_PP0()&amp#27;[0m
  &amp#27;[36mThen &amp#27;[0m&amp#27;[36muser is redirected to pricing page and check the text18 PP0&amp#27;[0m   &amp#27;[90m# SetupClass.StepDefinition.Paypal_Checkout.user_is_redirected_to_pricing_page_and_check_the_text18_PP0()&amp#27;[0m
  &amp#27;[36mThen &amp#27;[0m&amp#27;[36muser is redirected to pricing page and choose the plan to pay&amp#27;[0m &amp#27;[90m# SetupClass.StepDefinition.Paypal_Checkout.user_is_redirected_to_pricing_page_and_choose_the_plan_to_pay()&amp#27;[0m
  &amp#27;[36mThen &amp#27;[0m&amp#27;[36muser is redirected checkout page&amp#27;[0m                              &amp#27;[90m# SetupClass.StepDefinition.Paypal_Checkout.user_is_redirected_checkout_page()&amp#27;[0m
  &amp#27;[36mThen &amp#27;[0m&amp#27;[36muser proceed to pay with paypal pp&amp#27;[0m                            &amp#27;[90m# SetupClass.StepDefinition.Paypal_Checkout.user_proceed_to_pay_with_paypal_pp()&amp#27;[0m
  &amp#27;[36mThen &amp#27;[0m&amp#27;[36mpaypal popup appears and user navigates back to my account pp&amp#27;[0m &amp#27;[90m# SetupClass.StepDefinition.Paypal_Checkout.paypal_popup_appears_and_user_navigates_back_to_my_account_pp()&amp#27;[0m
  &amp#27;[36mThen &amp#27;[0m&amp#27;[36muser Signout account PP&amp#27;[0m                                       &amp#27;[90m# SetupClass.StepDefinition.Paypal_Checkout.user_Signout_account_PP()&amp#27;[0m
      &amp#27;[31morg.openqa.selenium.NoSuchWindowException: no such window: target window already closed
from unknown error: web view not found
  (Session info: chrome=108.0.5359.99)
Build info: version: '3.141.59', revision: 'e82be7d358', time: '2018-11-14T08:17:03'
System info: host: 'SLIDEQA2', ip: '192.168.1.7', os.name: 'Windows 10', os.arch: 'amd64', os.version: '10.0', java.version: '17'
Driver info: org.openqa.selenium.chrome.ChromeDriver
Capabilities {acceptInsecureCerts: false, browserName: chrome, browserVersion: 108.0.5359.99, chrome: {chromedriverVersion: 108.0.5359.71 (1e0e3868ee06..., userDataDir: C:\Users\SLIDEQ~1\AppData\L...}, goog:chromeOptions: {debuggerAddress: localhost:62388}, javascriptEnabled: true, networkConnectionEnabled: false, pageLoadStrategy: normal, platform: WINDOWS, platformName: WINDOWS, proxy: Proxy(), setWindowRect: true, strictFileInteractability: false, timeouts: {implicit: 0, pageLoad: 300000, script: 30000}, unhandledPromptBehavior: dismiss and notify, webauthn:extension:credBlob: true, webauthn:extension:largeBlob: true, webauthn:virtualAuthenticators: true}
Session ID: a2acab18a2e63cc35729c8f4fc3d619d
	at java.base/jdk.internal.reflect.NativeConstructorAccessorImpl.newInstance0(Native Method)
	at java.base/jdk.internal.reflect.NativeConstructorAccessorImpl.newInstance(NativeConstructorAccessorImpl.java:77)
	at java.base/jdk.internal.reflect.DelegatingConstructorAccessorImpl.newInstance(DelegatingConstructorAccessorImpl.java:45)
	at java.base/java.lang.reflect.Constructor.newInstanceWithCaller(Constructor.java:499)
	at java.base/java.lang.reflect.Constructor.newInstance(Constructor.java:480)
	at org.openqa.selenium.remote.http.W3CHttpResponseCodec.createException(W3CHttpResponseCodec.java:187)
	at org.openqa.selenium.remote.http.W3CHttpResponseCodec.decode(W3CHttpResponseCodec.java:122)
	at org.openqa.selenium.remote.http.W3CHttpResponseCodec.decode(W3CHttpResponseCodec.java:49)
	at org.openqa.selenium.remote.HttpCommandExecutor.execute(HttpCommandExecutor.java:158)
	at org.openqa.selenium.remote.service.DriverCommandExecutor.execute(DriverCommandExecutor.java:83)
	at org.openqa.selenium.remote.RemoteWebDriver.execute(RemoteWebDriver.java:552)
	at org.openqa.selenium.remote.RemoteWebDriver.execute(RemoteWebDriver.java:609)
	at org.openqa.selenium.remote.RemoteWebDriver.getScreenshotAs(RemoteWebDriver.java:295)
	at SetupClass.StepDefinition.TakeImageStep.tearDown(TakeImageStep.java:20)
&amp#27;[0m
]]></system-out>
  </testcase>
  <testcase name="Test paypal checkout" classname="Paypal Checkout" time="0.049">
    <error message="no such window: target window already closed&#10;from unknown error: web view not found&#10;  (Session info: chrome=108.0.5359.99)&#10;Build info: version: &apos;3.141.59&apos;, revision: &apos;e82be7d358&apos;, time: &apos;2018-11-14T08:17:03&apos;&#10;System info: host: &apos;SLIDEQA2&apos;, ip: &apos;192.168.1.7&apos;, os.name: &apos;Windows 10&apos;, os.arch: &apos;amd64&apos;, os.version: &apos;10.0&apos;, java.version: &apos;17&apos;&#10;Driver info: org.openqa.selenium.chrome.ChromeDriver&#10;Capabilities {acceptInsecureCerts: false, browserName: chrome, browserVersion: 108.0.5359.99, chrome: {chromedriverVersion: 108.0.5359.71 (1e0e3868ee06..., userDataDir: C:\Users\SLIDEQ~1\AppData\L...}, goog:chromeOptions: {debuggerAddress: localhost:62388}, javascriptEnabled: true, networkConnectionEnabled: false, pageLoadStrategy: normal, platform: WINDOWS, platformName: WINDOWS, proxy: Proxy(), setWindowRect: true, strictFileInteractability: false, timeouts: {implicit: 0, pageLoad: 300000, script: 30000}, unhandledPromptBehavior: dismiss and notify, webauthn:extension:credBlob: true, webauthn:extension:largeBlob: true, webauthn:virtualAuthenticators: true}&#10;Session ID: a2acab18a2e63cc35729c8f4fc3d619d" type="org.openqa.selenium.NoSuchWindowException"><![CDATA[org.openqa.selenium.NoSuchWindowException: 
no such window: target window already closed
from unknown error: web view not found
  (Session info: chrome=108.0.5359.99)
Build info: version: '3.141.59', revision: 'e82be7d358', time: '2018-11-14T08:17:03'
System info: host: 'SLIDEQA2', ip: '192.168.1.7', os.name: 'Windows 10', os.arch: 'amd64', os.version: '10.0', java.version: '17'
Driver info: org.openqa.selenium.chrome.ChromeDriver
Capabilities {acceptInsecureCerts: false, browserName: chrome, browserVersion: 108.0.5359.99, chrome: {chromedriverVersion: 108.0.5359.71 (1e0e3868ee06..., userDataDir: C:\Users\SLIDEQ~1\AppData\L...}, goog:chromeOptions: {debuggerAddress: localhost:62388}, javascriptEnabled: true, networkConnectionEnabled: false, pageLoadStrategy: normal, platform: WINDOWS, platformName: WINDOWS, proxy: Proxy(), setWindowRect: true, strictFileInteractability: false, timeouts: {implicit: 0, pageLoad: 300000, script: 30000}, unhandledPromptBehavior: dismiss and notify, webauthn:extension:credBlob: true, webauthn:extension:largeBlob: true, webauthn:virtualAuthenticators: true}
Session ID: a2acab18a2e63cc35729c8f4fc3d619d
]]></error>
  </testcase>
  <testcase name="Test Stripe checkout" classname="Stripe Checkout" time="0.052">
    <error message="no such window: target window already closed&#10;from unknown error: web view not found&#10;  (Session info: chrome=108.0.5359.99)&#10;Build info: version: &apos;3.141.59&apos;, revision: &apos;e82be7d358&apos;, time: &apos;2018-11-14T08:17:03&apos;&#10;System info: host: &apos;SLIDEQA2&apos;, ip: &apos;192.168.1.7&apos;, os.name: &apos;Windows 10&apos;, os.arch: &apos;amd64&apos;, os.version: &apos;10.0&apos;, java.version: &apos;17&apos;&#10;Driver info: org.openqa.selenium.chrome.ChromeDriver&#10;Capabilities {acceptInsecureCerts: false, browserName: chrome, browserVersion: 108.0.5359.99, chrome: {chromedriverVersion: 108.0.5359.71 (1e0e3868ee06..., userDataDir: C:\Users\SLIDEQ~1\AppData\L...}, goog:chromeOptions: {debuggerAddress: localhost:62388}, javascriptEnabled: true, networkConnectionEnabled: false, pageLoadStrategy: normal, platform: WINDOWS, platformName: WINDOWS, proxy: Proxy(), setWindowRect: true, strictFileInteractability: false, timeouts: {implicit: 0, pageLoad: 300000, script: 30000}, unhandledPromptBehavior: dismiss and notify, webauthn:extension:credBlob: true, webauthn:extension:largeBlob: true, webauthn:virtualAuthenticators: true}&#10;Session ID: a2acab18a2e63cc35729c8f4fc3d619d" type="org.openqa.selenium.NoSuchWindowException"><![CDATA[org.openqa.selenium.NoSuchWindowException: 
no such window: target window already closed
from unknown error: web view not found
  (Session info: chrome=108.0.5359.99)
Build info: version: '3.141.59', revision: 'e82be7d358', time: '2018-11-14T08:17:03'
System info: host: 'SLIDEQA2', ip: '192.168.1.7', os.name: 'Windows 10', os.arch: 'amd64', os.version: '10.0', java.version: '17'
Driver info: org.openqa.selenium.chrome.ChromeDriver
Capabilities {acceptInsecureCerts: false, browserName: chrome, browserVersion: 108.0.5359.99, chrome: {chromedriverVersion: 108.0.5359.71 (1e0e3868ee06..., userDataDir: C:\Users\SLIDEQ~1\AppData\L...}, goog:chromeOptions: {debuggerAddress: localhost:62388}, javascriptEnabled: true, networkConnectionEnabled: false, pageLoadStrategy: normal, platform: WINDOWS, platformName: WINDOWS, proxy: Proxy(), setWindowRect: true, strictFileInteractability: false, timeouts: {implicit: 0, pageLoad: 300000, script: 30000}, unhandledPromptBehavior: dismiss and notify, webauthn:extension:credBlob: true, webauthn:extension:largeBlob: true, webauthn:virtualAuthenticators: true}
Session ID: a2acab18a2e63cc35729c8f4fc3d619d
]]></error>
    <system-out><![CDATA[
@Stripe_Checkout
Scenario: Test Stripe checkout                                         &amp#27;[90m# src/test/java/Features/Stripe_Checkout.feature:3&amp#27;[0m
  &amp#27;[31mGiven &amp#27;[0m&amp#27;[31muser is already on Website Home Page CO&amp#27;[0m                        &amp#27;[90m# SetupClass.StepDefinition.Stripe_Checkout.user_is_already_on_Website_Home_Page_CO()&amp#27;[0m
      &amp#27;[31morg.openqa.selenium.NoSuchWindowException: no such window: target window already closed
from unknown error: web view not found
  (Session info: chrome=108.0.5359.99)
Build info: version: '3.141.59', revision: 'e82be7d358', time: '2018-11-14T08:17:03'
System info: host: 'SLIDEQA2', ip: '192.168.1.7', os.name: 'Windows 10', os.arch: 'amd64', os.version: '10.0', java.version: '17'
Driver info: org.openqa.selenium.chrome.ChromeDriver
Capabilities {acceptInsecureCerts: false, browserName: chrome, browserVersion: 108.0.5359.99, chrome: {chromedriverVersion: 108.0.5359.71 (1e0e3868ee06..., userDataDir: C:\Users\SLIDEQ~1\AppData\L...}, goog:chromeOptions: {debuggerAddress: localhost:62388}, javascriptEnabled: true, networkConnectionEnabled: false, pageLoadStrategy: normal, platform: WINDOWS, platformName: WINDOWS, proxy: Proxy(), setWindowRect: true, strictFileInteractability: false, timeouts: {implicit: 0, pageLoad: 300000, script: 30000}, unhandledPromptBehavior: dismiss and notify, webauthn:extension:credBlob: true, webauthn:extension:largeBlob: true, webauthn:virtualAuthenticators: true}
Session ID: a2acab18a2e63cc35729c8f4fc3d619d
	at java.base/jdk.internal.reflect.NativeConstructorAccessorImpl.newInstance0(Native Method)
	at java.base/jdk.internal.reflect.NativeConstructorAccessorImpl.newInstance(NativeConstructorAccessorImpl.java:77)
	at java.base/jdk.internal.reflect.DelegatingConstructorAccessorImpl.newInstance(DelegatingConstructorAccessorImpl.java:45)
	at java.base/java.lang.reflect.Constructor.newInstanceWithCaller(Constructor.java:499)
	at java.base/java.lang.reflect.Constructor.newInstance(Constructor.java:480)
	at org.openqa.selenium.remote.http.W3CHttpResponseCodec.createException(W3CHttpResponseCodec.java:187)
	at org.openqa.selenium.remote.http.W3CHttpResponseCodec.decode(W3CHttpResponseCodec.java:122)
	at org.openqa.selenium.remote.http.W3CHttpResponseCodec.decode(W3CHttpResponseCodec.java:49)
	at org.openqa.selenium.remote.HttpCommandExecutor.execute(HttpCommandExecutor.java:158)
	at org.openqa.selenium.remote.service.DriverCommandExecutor.execute(DriverCommandExecutor.java:83)
	at org.openqa.selenium.remote.RemoteWebDriver.execute(RemoteWebDriver.java:552)
	at org.openqa.selenium.remote.RemoteWebDriver.get(RemoteWebDriver.java:277)
	at SetupClass.StepDefinition.Stripe_Checkout.user_is_already_on_Website_Home_Page_CO(Stripe_Checkout.java:26)
	at âœ½.user is already on Website Home Page CO(file:///D:/Selenium%20Live%20Projects/SlideGeeks-Checkout/./src/test/java/Features/Stripe_Checkout.feature:5)
&amp#27;[0m
  &amp#27;[36mThen &amp#27;[0m&amp#27;[36muser is redirected to pricing page and check the text1 &amp#27;[0m&amp#27;[36m&amp#27;[1m2&amp#27;[0m&amp#27;[36mCO&amp#27;[0m      &amp#27;[90m# SetupClass.StepDefinition.Stripe_Checkout.user_is_redirected_to_pricing_page_and_check_the_text1_CO(int)&amp#27;[0m
  &amp#27;[36mThen &amp#27;[0m&amp#27;[36muser is redirected to pricing page and check the text2 &amp#27;[0m&amp#27;[36m&amp#27;[1m2&amp#27;[0m&amp#27;[36mCO&amp#27;[0m      &amp#27;[90m# SetupClass.StepDefinition.Stripe_Checkout.user_is_redirected_to_pricing_page_and_check_the_text2_CO(int)&amp#27;[0m
  &amp#27;[36mThen &amp#27;[0m&amp#27;[36muser is redirected to pricing page and check the text3 &amp#27;[0m&amp#27;[36m&amp#27;[1m2&amp#27;[0m&amp#27;[36mCO&amp#27;[0m      &amp#27;[90m# SetupClass.StepDefinition.Stripe_Checkout.user_is_redirected_to_pricing_page_and_check_the_text3_CO(int)&amp#27;[0m
  &amp#27;[36mThen &amp#27;[0m&amp#27;[36muser is redirected to pricing page and check the text4 &amp#27;[0m&amp#27;[36m&amp#27;[1m2&amp#27;[0m&amp#27;[36mCO&amp#27;[0m      &amp#27;[90m# SetupClass.StepDefinition.Stripe_Checkout.user_is_redirected_to_pricing_page_and_check_the_text4_CO(int)&amp#27;[0m
  &amp#27;[36mThen &amp#27;[0m&amp#27;[36muser is redirected to pricing page and check the text5 &amp#27;[0m&amp#27;[36m&amp#27;[1m2&amp#27;[0m&amp#27;[36mCO&amp#27;[0m      &amp#27;[90m# SetupClass.StepDefinition.Stripe_Checkout.user_is_redirected_to_pricing_page_and_check_the_text5_CO(int)&amp#27;[0m
  &amp#27;[36mThen &amp#27;[0m&amp#27;[36muser is redirected to pricing page and check the text6 &amp#27;[0m&amp#27;[36m&amp#27;[1m2&amp#27;[0m&amp#27;[36mCO&amp#27;[0m      &amp#27;[90m# SetupClass.StepDefinition.Stripe_Checkout.user_is_redirected_to_pricing_page_and_check_the_text6_CO(int)&amp#27;[0m
  &amp#27;[36mThen &amp#27;[0m&amp#27;[36muser is redirected to pricing page and check the text7 &amp#27;[0m&amp#27;[36m&amp#27;[1m2&amp#27;[0m&amp#27;[36mCO&amp#27;[0m      &amp#27;[90m# SetupClass.StepDefinition.Stripe_Checkout.user_is_redirected_to_pricing_page_and_check_the_text7_CO(int)&amp#27;[0m
  &amp#27;[36mThen &amp#27;[0m&amp#27;[36muser is redirected to pricing page and check the text8 &amp#27;[0m&amp#27;[36m&amp#27;[1m2&amp#27;[0m&amp#27;[36mCO&amp#27;[0m      &amp#27;[90m# SetupClass.StepDefinition.Stripe_Checkout.user_is_redirected_to_pricing_page_and_check_the_text8_CO(int)&amp#27;[0m
  &amp#27;[36mThen &amp#27;[0m&amp#27;[36muser is redirected to pricing page and check the text9 &amp#27;[0m&amp#27;[36m&amp#27;[1m2&amp#27;[0m&amp#27;[36mCO&amp#27;[0m      &amp#27;[90m# SetupClass.StepDefinition.Stripe_Checkout.user_is_redirected_to_pricing_page_and_check_the_text9_CO(int)&amp#27;[0m
  &amp#27;[36mThen &amp#27;[0m&amp#27;[36muser is redirected to pricing page and check the text10 &amp#27;[0m&amp#27;[36m&amp#27;[1m2&amp#27;[0m&amp#27;[36mCO&amp#27;[0m     &amp#27;[90m# SetupClass.StepDefinition.Stripe_Checkout.user_is_redirected_to_pricing_page_and_check_the_text10_CO(int)&amp#27;[0m
  &amp#27;[36mThen &amp#27;[0m&amp#27;[36muser is redirected to pricing page and check the text11 &amp#27;[0m&amp#27;[36m&amp#27;[1m2&amp#27;[0m&amp#27;[36mCO&amp#27;[0m     &amp#27;[90m# SetupClass.StepDefinition.Stripe_Checkout.user_is_redirected_to_pricing_page_and_check_the_text11_CO(int)&amp#27;[0m
  &amp#27;[36mThen &amp#27;[0m&amp#27;[36muser is redirected to pricing page and check the text12 &amp#27;[0m&amp#27;[36m&amp#27;[1m2&amp#27;[0m&amp#27;[36mCO&amp#27;[0m     &amp#27;[90m# SetupClass.StepDefinition.Stripe_Checkout.user_is_redirected_to_pricing_page_and_check_the_text12_CO(int)&amp#27;[0m
  &amp#27;[36mThen &amp#27;[0m&amp#27;[36muser is redirected to pricing page and check the text13 &amp#27;[0m&amp#27;[36m&amp#27;[1m2&amp#27;[0m&amp#27;[36mCO&amp#27;[0m     &amp#27;[90m# SetupClass.StepDefinition.Stripe_Checkout.user_is_redirected_to_pricing_page_and_check_the_text13_CO(int)&amp#27;[0m
  &amp#27;[36mThen &amp#27;[0m&amp#27;[36muser is redirected to pricing page and check the text14 &amp#27;[0m&amp#27;[36m&amp#27;[1m2&amp#27;[0m&amp#27;[36mCO&amp#27;[0m     &amp#27;[90m# SetupClass.StepDefinition.Stripe_Checkout.user_is_redirected_to_pricing_page_and_check_the_text14_CO(int)&amp#27;[0m
  &amp#27;[36mThen &amp#27;[0m&amp#27;[36muser is redirected to pricing page and check the text15 &amp#27;[0m&amp#27;[36m&amp#27;[1m2&amp#27;[0m&amp#27;[36mCO&amp#27;[0m     &amp#27;[90m# SetupClass.StepDefinition.Stripe_Checkout.user_is_redirected_to_pricing_page_and_check_the_text15_CO(int)&amp#27;[0m
  &amp#27;[36mThen &amp#27;[0m&amp#27;[36muser is redirected to pricing page and check the text16 &amp#27;[0m&amp#27;[36m&amp#27;[1m2&amp#27;[0m&amp#27;[36mCO&amp#27;[0m     &amp#27;[90m# SetupClass.StepDefinition.Stripe_Checkout.user_is_redirected_to_pricing_page_and_check_the_text16_CO(int)&amp#27;[0m
  &amp#27;[36mThen &amp#27;[0m&amp#27;[36muser is redirected to pricing page and check the text17 &amp#27;[0m&amp#27;[36m&amp#27;[1m2&amp#27;[0m&amp#27;[36mCO&amp#27;[0m     &amp#27;[90m# SetupClass.StepDefinition.Stripe_Checkout.user_is_redirected_to_pricing_page_and_check_the_text17_CO(int)&amp#27;[0m
  &amp#27;[36mThen &amp#27;[0m&amp#27;[36muser is redirected to pricing page and check the text18 &amp#27;[0m&amp#27;[36m&amp#27;[1m2&amp#27;[0m&amp#27;[36mCO&amp#27;[0m     &amp#27;[90m# SetupClass.StepDefinition.Stripe_Checkout.user_is_redirected_to_pricing_page_and_check_the_text18_CO(int)&amp#27;[0m
  &amp#27;[36mThen &amp#27;[0m&amp#27;[36muser is redirected to pricing page and choose a plan to pay &amp#27;[0m&amp#27;[36m&amp#27;[1m2&amp#27;[0m&amp#27;[36mCO&amp#27;[0m &amp#27;[90m# SetupClass.StepDefinition.Stripe_Checkout.user_is_redirected_to_pricing_page_and_choose_a_plan_to_pay_CO(int)&amp#27;[0m
  &amp#27;[36mThen &amp#27;[0m&amp#27;[36muser proceed to pay with &amp#27;[0m&amp#27;[36m&amp#27;[1m2&amp#27;[0m&amp#27;[36mCO &amp#27;[0m&amp#27;[36m&amp#27;[1m2&amp#27;[0m&amp#27;[36mCO&amp#27;[0m                                &amp#27;[90m# SetupClass.StepDefinition.Stripe_Checkout.user_proceed_to_pay_with_CO_CO(int,int)&amp#27;[0m
  &amp#27;[36mThen &amp#27;[0m&amp#27;[36mCO page appears and user navigates back to my account &amp#27;[0m&amp#27;[36m&amp#27;[1m2&amp#27;[0m&amp#27;[36mCO&amp#27;[0m       &amp#27;[90m# SetupClass.StepDefinition.Stripe_Checkout.CO_page_appears_and_user_navigates_back_to_my_account_CO(int)&amp#27;[0m
  &amp#27;[36mThen &amp#27;[0m&amp#27;[36muser signout the account &amp#27;[0m&amp#27;[36m&amp#27;[1m2&amp#27;[0m&amp#27;[36mCO&amp#27;[0m                                    &amp#27;[90m# SetupClass.StepDefinition.Stripe_Checkout.user_signout_the_account_CO(int)&amp#27;[0m
      &amp#27;[31morg.openqa.selenium.NoSuchWindowException: no such window: target window already closed
from unknown error: web view not found
  (Session info: chrome=108.0.5359.99)
Build info: version: '3.141.59', revision: 'e82be7d358', time: '2018-11-14T08:17:03'
System info: host: 'SLIDEQA2', ip: '192.168.1.7', os.name: 'Windows 10', os.arch: 'amd64', os.version: '10.0', java.version: '17'
Driver info: org.openqa.selenium.chrome.ChromeDriver
Capabilities {acceptInsecureCerts: false, browserName: chrome, browserVersion: 108.0.5359.99, chrome: {chromedriverVersion: 108.0.5359.71 (1e0e3868ee06..., userDataDir: C:\Users\SLIDEQ~1\AppData\L...}, goog:chromeOptions: {debuggerAddress: localhost:62388}, javascriptEnabled: true, networkConnectionEnabled: false, pageLoadStrategy: normal, platform: WINDOWS, platformName: WINDOWS, proxy: Proxy(), setWindowRect: true, strictFileInteractability: false, timeouts: {implicit: 0, pageLoad: 300000, script: 30000}, unhandledPromptBehavior: dismiss and notify, webauthn:extension:credBlob: true, webauthn:extension:largeBlob: true, webauthn:virtualAuthenticators: true}
Session ID: a2acab18a2e63cc35729c8f4fc3d619d
	at java.base/jdk.internal.reflect.NativeConstructorAccessorImpl.newInstance0(Native Method)
	at java.base/jdk.internal.reflect.NativeConstructorAccessorImpl.newInstance(NativeConstructorAccessorImpl.java:77)
	at java.base/jdk.internal.reflect.DelegatingConstructorAccessorImpl.newInstance(DelegatingConstructorAccessorImpl.java:45)
	at java.base/java.lang.reflect.Constructor.newInstanceWithCaller(Constructor.java:499)
	at java.base/java.lang.reflect.Constructor.newInstance(Constructor.java:480)
	at org.openqa.selenium.remote.http.W3CHttpResponseCodec.createException(W3CHttpResponseCodec.java:187)
	at org.openqa.selenium.remote.http.W3CHttpResponseCodec.decode(W3CHttpResponseCodec.java:122)
	at org.openqa.selenium.remote.http.W3CHttpResponseCodec.decode(W3CHttpResponseCodec.java:49)
	at org.openqa.selenium.remote.HttpCommandExecutor.execute(HttpCommandExecutor.java:158)
	at org.openqa.selenium.remote.service.DriverCommandExecutor.execute(DriverCommandExecutor.java:83)
	at org.openqa.selenium.remote.RemoteWebDriver.execute(RemoteWebDriver.java:552)
	at org.openqa.selenium.remote.RemoteWebDriver.execute(RemoteWebDriver.java:609)
	at org.openqa.selenium.remote.RemoteWebDriver.getScreenshotAs(RemoteWebDriver.java:295)
	at SetupClass.StepDefinition.TakeImageStep.tearDown(TakeImageStep.java:20)
&amp#27;[0m
]]></system-out>
  </testcase>
  <testcase name="Test Stripe checkout" classname="Stripe Checkout" time="0.052">
    <error message="no such window: target window already closed&#10;from unknown error: web view not found&#10;  (Session info: chrome=108.0.5359.99)&#10;Build info: version: &apos;3.141.59&apos;, revision: &apos;e82be7d358&apos;, time: &apos;2018-11-14T08:17:03&apos;&#10;System info: host: &apos;SLIDEQA2&apos;, ip: &apos;192.168.1.7&apos;, os.name: &apos;Windows 10&apos;, os.arch: &apos;amd64&apos;, os.version: &apos;10.0&apos;, java.version: &apos;17&apos;&#10;Driver info: org.openqa.selenium.chrome.ChromeDriver&#10;Capabilities {acceptInsecureCerts: false, browserName: chrome, browserVersion: 108.0.5359.99, chrome: {chromedriverVersion: 108.0.5359.71 (1e0e3868ee06..., userDataDir: C:\Users\SLIDEQ~1\AppData\L...}, goog:chromeOptions: {debuggerAddress: localhost:62388}, javascriptEnabled: true, networkConnectionEnabled: false, pageLoadStrategy: normal, platform: WINDOWS, platformName: WINDOWS, proxy: Proxy(), setWindowRect: true, strictFileInteractability: false, timeouts: {implicit: 0, pageLoad: 300000, script: 30000}, unhandledPromptBehavior: dismiss and notify, webauthn:extension:credBlob: true, webauthn:extension:largeBlob: true, webauthn:virtualAuthenticators: true}&#10;Session ID: a2acab18a2e63cc35729c8f4fc3d619d" type="org.openqa.selenium.NoSuchWindowException"><![CDATA[org.openqa.selenium.NoSuchWindowException: 
no such window: target window already closed
from unknown error: web view not found
  (Session info: chrome=108.0.5359.99)
Build info: version: '3.141.59', revision: 'e82be7d358', time: '2018-11-14T08:17:03'
System info: host: 'SLIDEQA2', ip: '192.168.1.7', os.name: 'Windows 10', os.arch: 'amd64', os.version: '10.0', java.version: '17'
Driver info: org.openqa.selenium.chrome.ChromeDriver
Capabilities {acceptInsecureCerts: false, browserName: chrome, browserVersion: 108.0.5359.99, chrome: {chromedriverVersion: 108.0.5359.71 (1e0e3868ee06..., userDataDir: C:\Users\SLIDEQ~1\AppData\L...}, goog:chromeOptions: {debuggerAddress: localhost:62388}, javascriptEnabled: true, networkConnectionEnabled: false, pageLoadStrategy: normal, platform: WINDOWS, platformName: WINDOWS, proxy: Proxy(), setWindowRect: true, strictFileInteractability: false, timeouts: {implicit: 0, pageLoad: 300000, script: 30000}, unhandledPromptBehavior: dismiss and notify, webauthn:extension:credBlob: true, webauthn:extension:largeBlob: true, webauthn:virtualAuthenticators: true}
Session ID: a2acab18a2e63cc35729c8f4fc3d619d
]]></error>
  </testcase>
</testsuite>